Build started 28/08/2015 5:38:52 p.m..
     1>Project "C:\Users\Marek\Desktop\Game 1 - Marek Billington\Source\Framework\Framework.vcxproj" on node 2 (Build target(s)).
     1>ClCompile:
         C:\Program Files (x86)\Microsoft Visual Studio 12.0\VC\bin\CL.exe /c /I"C:\Users\Marek\Desktop\Game 1 - Marek Billington\Source\\SDL\SDL2-2.0.3\include\\" /I"C:\Users\Marek\Desktop\Game 1 - Marek Billington\Source\\SDL\SDL2_image-2.0.0\include" /I"C:\Users\Marek\Desktop\Game 1 - Marek Billington\Source\\FMOD\inc\\" /Zi /nologo /W3 /WX- /O2 /Oi /Oy- /GL /D WIN32 /D NDEBUG /D _WINDOWS /D _UNICODE /D UNICODE /Gm- /EHsc /MD /GS /Gy /fp:precise /Zc:wchar_t /Zc:forScope /Fo"Release\\" /Fd"Release\vc120.pdb" /Gd /TP /analyze- /errorReport:prompt animatedsprite.cpp asteroid.cpp asteroidparticle.cpp backbuffer.cpp entity.cpp Explosion.cpp game.cpp hud.cpp inputhandler.cpp logmanager.cpp main.cpp particle.cpp particleemitter.cpp PlayerBullet.cpp playership.cpp sprite.cpp texture.cpp texturemanager.cpp Vector2D.cpp
         animatedsprite.cpp
     1>animatedsprite.cpp(82): warning C4018: '>' : signed/unsigned mismatch
         asteroid.cpp
         asteroidparticle.cpp
         backbuffer.cpp
         entity.cpp
         Explosion.cpp
     1>Explosion.cpp(25): warning C4305: 'argument' : truncation from 'double' to 'float'
         game.cpp
     1>game.cpp(163): warning C4305: 'argument' : truncation from 'double' to 'float'
     1>game.cpp(165): warning C4305: 'argument' : truncation from 'double' to 'float'
     1>game.cpp(415): warning C4018: '<' : signed/unsigned mismatch
     1>game.cpp(426): warning C4244: 'argument' : conversion from 'float' to 'int', possible loss of data
     1>game.cpp(427): warning C4244: 'argument' : conversion from 'float' to 'int', possible loss of data
     1>game.cpp(455): warning C4018: '<' : signed/unsigned mismatch
     1>game.cpp(459): warning C4018: '<' : signed/unsigned mismatch
     1>game.cpp(470): warning C4244: 'argument' : conversion from 'float' to 'int', possible loss of data
     1>game.cpp(471): warning C4244: 'argument' : conversion from 'float' to 'int', possible loss of data
     1>game.cpp(501): warning C4018: '<' : signed/unsigned mismatch
     1>game.cpp(578): warning C4244: 'initializing' : conversion from 'float' to 'int', possible loss of data
     1>game.cpp(768): warning C4244: '=' : conversion from 'int' to 'float', possible loss of data
     1>game.cpp(772): warning C4244: '=' : conversion from 'int' to 'float', possible loss of data
     1>game.cpp(895): warning C4244: '=' : conversion from 'int' to 'float', possible loss of data
     1>game.cpp(899): warning C4244: '=' : conversion from 'int' to 'float', possible loss of data
         hud.cpp
         inputhandler.cpp
         logmanager.cpp
         main.cpp
         particle.cpp
         particleemitter.cpp
     1>particleemitter.cpp(25): warning C4018: '<' : signed/unsigned mismatch
         PlayerBullet.cpp
         playership.cpp
         sprite.cpp
         texture.cpp
         texturemanager.cpp
         Vector2D.cpp
       Link:
         C:\Program Files (x86)\Microsoft Visual Studio 12.0\VC\bin\link.exe /ERRORREPORT:PROMPT /OUT:"C:\Users\Marek\Desktop\Game 1 - Marek Billington\Source\Release\Framework.exe" /INCREMENTAL:NO /NOLOGO /LIBPATH:"C:\Users\Marek\Desktop\Game 1 - Marek Billington\Source\\SDL\SDL2-2.0.3\lib\x86" /LIBPATH:"C:\Users\Marek\Desktop\Game 1 - Marek Billington\Source\\SDL\SDL2_image-2.0.0\lib\x86" /LIBPATH:"C:\Users\Marek\Desktop\Game 1 - Marek Billington\Source\\FMOD\lib\\" SDL2.lib SDL2main.lib SDL2_image.lib fmodl_vc.lib kernel32.lib user32.lib gdi32.lib winspool.lib comdlg32.lib advapi32.lib shell32.lib ole32.lib oleaut32.lib uuid.lib odbc32.lib odbccp32.lib /MANIFEST /MANIFESTUAC:"level='asInvoker' uiAccess='false'" /manifest:embed /DEBUG /PDB:"C:\Users\Marek\Desktop\Game 1 - Marek Billington\Source\Release\Framework.pdb" /SUBSYSTEM:WINDOWS /OPT:REF /OPT:ICF /LTCG /TLBID:1 /DYNAMICBASE /NXCOMPAT /IMPLIB:"C:\Users\Marek\Desktop\Game 1 - Marek Billington\Source\Release\Framework.lib" /MACHINE:X86 /SAFESEH Release\animatedsprite.obj
         Release\asteroid.obj
         Release\asteroidparticle.obj
         Release\backbuffer.obj
         Release\entity.obj
         Release\Explosion.obj
         Release\game.obj
         Release\hud.obj
         Release\inputhandler.obj
         Release\logmanager.obj
         Release\main.obj
         Release\particle.obj
         Release\particleemitter.obj
         Release\PlayerBullet.obj
         Release\playership.obj
         Release\sprite.obj
         Release\texture.obj
         Release\texturemanager.obj
         Release\Vector2D.obj
         Generating code
         Finished generating code
         Framework.vcxproj -> C:\Users\Marek\Desktop\Game 1 - Marek Billington\Source\Release\Framework.exe
     1>Done Building Project "C:\Users\Marek\Desktop\Game 1 - Marek Billington\Source\Framework\Framework.vcxproj" (Build target(s)).

Build succeeded.

Time Elapsed 00:00:03.91
