c:\users\marek\desktop\game prog\asses\ass1\game\day006framework\framework\debug\vc120.pdb
c:\users\marek\desktop\game prog\asses\ass1\game\day006framework\framework\debug\vc120.idb
c:\users\marek\desktop\game prog\asses\ass1\game\day006framework\framework\debug\backbuffer.obj
c:\users\marek\desktop\game prog\asses\ass1\game\day006framework\framework\debug\entity.obj
c:\users\marek\desktop\game prog\asses\ass1\game\day006framework\framework\debug\game.obj
c:\users\marek\desktop\game prog\asses\ass1\game\day006framework\framework\debug\inputhandler.obj
c:\users\marek\desktop\game prog\asses\ass1\game\day006framework\framework\debug\logmanager.obj
c:\users\marek\desktop\game prog\asses\ass1\game\day006framework\framework\debug\main.obj
c:\users\marek\desktop\game prog\asses\ass1\game\day006framework\framework\debug\playerbullet.obj
c:\users\marek\desktop\game prog\asses\ass1\game\day006framework\framework\debug\playership.obj
c:\users\marek\desktop\game prog\asses\ass1\game\day006framework\framework\debug\asteroid.obj
c:\users\marek\desktop\game prog\asses\ass1\game\day006framework\framework\debug\sprite.obj
c:\users\marek\desktop\game prog\asses\ass1\game\day006framework\framework\debug\texture.obj
c:\users\marek\desktop\game prog\asses\ass1\game\day006framework\framework\debug\texturemanager.obj
c:\users\marek\desktop\game prog\asses\ass1\game\day006framework\framework\debug\vector2d.obj
c:\users\marek\desktop\game prog\asses\ass1\game\day006framework\framework\debug\animatedsprite.obj
c:\users\marek\desktop\game prog\asses\ass1\game\day006framework\framework\debug\explosion.obj
c:\users\marek\desktop\game prog\asses\ass1\game\day006framework\framework\debug\particle.obj
c:\users\marek\desktop\game prog\asses\ass1\game\day006framework\framework\debug\particleemitter.obj
c:\users\marek\desktop\game prog\asses\ass1\game\day006framework\framework\debug\asteroidparticle.obj
c:\users\marek\desktop\game prog\asses\ass1\game\day006framework\framework\debug\hud.obj
c:\users\marek\desktop\game prog\asses\ass1\game\day006framework\debug\framework.ilk
c:\users\marek\desktop\game prog\asses\ass1\game\day006framework\debug\framework.exe
c:\users\marek\desktop\game prog\asses\ass1\game\day006framework\debug\framework.pdb
c:\users\marek\desktop\game prog\asses\ass1\game\day006framework\framework\debug\framework.tlog\cl.command.1.tlog
c:\users\marek\desktop\game prog\asses\ass1\game\day006framework\framework\debug\framework.tlog\cl.read.1.tlog
c:\users\marek\desktop\game prog\asses\ass1\game\day006framework\framework\debug\framework.tlog\cl.write.1.tlog
c:\users\marek\desktop\game prog\asses\ass1\game\day006framework\framework\debug\framework.tlog\link.command.1.tlog
c:\users\marek\desktop\game prog\asses\ass1\game\day006framework\framework\debug\framework.tlog\link.read.1.tlog
c:\users\marek\desktop\game prog\asses\ass1\game\day006framework\framework\debug\framework.tlog\link.write.1.tlog
